APICloudModuleSDK/moduleSyncInterface/build/outputs/logs/manifest-merger-release-report.txt
-- Merging decision tree log ---
manifest
ADDED from src\main\AndroidManifest.xml:1:1-10:12
INJECTED from src\main\AndroidManifest.xml:1:1-10:12
INJECTED from src\main\AndroidManifest.xml:1:1-10:12
INJECTED from src\main\AndroidManifest.xml:1:1-10:12
INJECTED from src\main\AndroidManifest.xml:1:1-10:12
INJECTED from src\main\AndroidManifest.xml:1:1-10:12
INJECTED from src\main\AndroidManifest.xml:1:1-10:12
	package
		ADDED from src\main\AndroidManifest.xml:3:5-41
		INJECTED from src\main\AndroidManifest.xml
		INJECTED from src\main\AndroidManifest.xml
	android:versionName
		INJECTED from src\main\AndroidManifest.xml
		ADDED from src\main\AndroidManifest.xml:1:1-10:12
		INJECTED from src\main\AndroidManifest.xml
	android:versionCode
		INJECTED from src\main\AndroidManifest.xml
		ADDED from src\main\AndroidManifest.xml:1:1-10:12
		INJECTED from src\main\AndroidManifest.xml
	xmlns:android
		ADDED from src\main\AndroidManifest.xml:1:11-69
application
ADDED from src\main\AndroidManifest.xml:5:5-8:19
	android:supportsRtl
		ADDED from src\main\AndroidManifest.xml:6:9-35
	android:label
		ADDED from src\main\AndroidManifest.xml:5:45-77
	android:allowBackup
		ADDED from src\main\AndroidManifest.xml:5:18-44
uses-sdk
INJECTED from src\main\AndroidManifest.xml reason: use-sdk injection requested
INJECTED from src\main\AndroidManifest.xml
INJECTED from src\main\AndroidManifest.xml
INJECTED from src\main\AndroidManifest.xml
INJECTED from src\main\AndroidManifest.xml
	android:targetSdkVersion
		INJECTED from src\main\AndroidManifest.xml
		ADDED from src\main\AndroidManifest.xml
		INJECTED from src\main\AndroidManifest.xml
	android:minSdkVersion
		INJECTED from src\main\AndroidManifest.xml
		ADDED from src\main\AndroidManifest.xml
		INJECTED from src\main\AndroidManifest.xml